[debug] [2023-01-12T03:24:04.351Z] ----------------------------------------------------------------------
[debug] [2023-01-12T03:24:04.352Z] Command:       /opt/homebrew/Cellar/node/19.0.1/bin/node /opt/homebrew/bin/firebase init
[debug] [2023-01-12T03:24:04.352Z] CLI Version:   11.17.0
[debug] [2023-01-12T03:24:04.353Z] Platform:      darwin
[debug] [2023-01-12T03:24:04.353Z] Node Version:  v19.0.1
[debug] [2023-01-12T03:24:04.353Z] Time:          Wed Jan 11 2023 22:24:04 GMT-0500 (Eastern Standard Time)
[debug] [2023-01-12T03:24:04.353Z] ----------------------------------------------------------------------
[debug] 
[debug] [2023-01-12T03:24:04.355Z] > command requires scopes: ["email","openid","https://www.googleapis.com/auth/cloudplatformprojects.readonly","https://www.googleapis.com/auth/firebase","https://www.googleapis.com/auth/cloud-platform"]
[debug] [2023-01-12T03:24:04.356Z] > authorizing via signed-in user (mobeel5356@gmail.com)
[info] 
     ######## #### ########  ######## ########     ###     ######  ########
     ##        ##  ##     ## ##       ##     ##  ##   ##  ##       ##
     ######    ##  ########  ######   ########  #########  ######  ######
     ##        ##  ##    ##  ##       ##     ## ##     ##       ## ##
     ##       #### ##     ## ######## ########  ##     ##  ######  ########

You're about to initialize a Firebase project in this directory:

  /Users/leemartinc/Projects/bill-offset

[info] 
=== Project Setup
[info] 
[info] First, let's associate this project directory with a Firebase project.
[info] You can create multiple project aliases by running firebase use --add, 
[info] but for now we'll just set up a default project.
[info] 
[debug] [2023-01-12T03:24:21.999Z] > refreshing access token with scopes: []
[debug] [2023-01-12T03:24:22.002Z] >>> [apiv2][query] POST https://www.googleapis.com/oauth2/v3/token [none]
[debug] [2023-01-12T03:24:22.002Z] >>> [apiv2][body] POST https://www.googleapis.com/oauth2/v3/token [omitted]
[debug] [2023-01-12T03:24:22.159Z] <<< [apiv2][status] POST https://www.googleapis.com/oauth2/v3/token 200
[debug] [2023-01-12T03:24:22.159Z] <<< [apiv2][body] POST https://www.googleapis.com/oauth2/v3/token [omitted]
[debug] [2023-01-12T03:24:22.174Z] >>> [apiv2][query] GET https://firebase.googleapis.com/v1beta1/projects pageSize=100
[debug] [2023-01-12T03:24:22.667Z] <<< [apiv2][status] GET https://firebase.googleapis.com/v1beta1/projects 200
[debug] [2023-01-12T03:24:22.667Z] <<< [apiv2][body] GET https://firebase.googleapis.com/v1beta1/projects [omitted]
[info] i  Using project bill-offset (bill-offset) 
[info] 
=== Hosting Setup
[info] 
[info] Your public directory is the folder (relative to your project directory) that
[info] will contain Hosting assets to be uploaded with firebase deploy. If you
[info] have a build process for your assets, use your build's output directory.
[info] 
[debug] [2023-01-12T03:24:36.959Z] >>> [apiv2][query] GET https://www.gstatic.com/firebasejs/releases.json [none]
[debug] [2023-01-12T03:24:37.082Z] <<< [apiv2][status] GET https://www.gstatic.com/firebasejs/releases.json 200
[debug] [2023-01-12T03:24:37.082Z] <<< [apiv2][body] GET https://www.gstatic.com/firebasejs/releases.json {"current":{"version":"9.15.0","browserURL":"https://www.gstatic.com/firebasejs/9.15.0/firebase.js","packageURL":"https://www.gstatic.com/firebasejs/9.15.0/firebase.tgz"},"live":{"version":"9.15","browserURL":"https://www.gstatic.com/firebasejs/live/9.15/firebase.js","packageURL":"https://www.gstatic.com/firebasejs/live/9.15/firebase.tgz"},"components":{"analytics":"https://www.gstatic.com/firebasejs/9.15.0/firebase-analytics.js","app":"https://www.gstatic.com/firebasejs/9.15.0/firebase-app.js","app-check":"https://www.gstatic.com/firebasejs/9.15.0/firebase-app-check.js","auth":"https://www.gstatic.com/firebasejs/9.15.0/firebase-auth.js","auth/cordova":"https://www.gstatic.com/firebasejs/9.15.0/firebase-auth/cordova.js","auth/react-native":"https://www.gstatic.com/firebasejs/9.15.0/firebase-auth/react-native.js","functions":"https://www.gstatic.com/firebasejs/9.15.0/firebase-functions.js","firestore":"https://www.gstatic.com/firebasejs/9.15.0/firebase-firestore.js","firestore/lite":"https://www.gstatic.com/firebasejs/9.15.0/firebase-firestore/lite.js","installations":"https://www.gstatic.com/firebasejs/9.15.0/firebase-installations.js","storage":"https://www.gstatic.com/firebasejs/9.15.0/firebase-storage.js","performance":"https://www.gstatic.com/firebasejs/9.15.0/firebase-performance.js","remote-config":"https://www.gstatic.com/firebasejs/9.15.0/firebase-remote-config.js","messaging":"https://www.gstatic.com/firebasejs/9.15.0/firebase-messaging.js","messaging/sw":"https://www.gstatic.com/firebasejs/9.15.0/firebase-messaging/sw.js","database":"https://www.gstatic.com/firebasejs/9.15.0/firebase-database.js","firestore.memory":"https://www.gstatic.com/firebasejs/9.15.0/firebase-firestore.memory.js"}}
[info] i  Skipping write of public/index.html 
[info] 
[info] i  Detected a .git folder at /Users/leemartinc/Projects/bill-offset 
[info] i  Authorizing with GitHub to upload your service account to a GitHub repository's secrets store. 
[info] 
[info] Visit this URL on this device to log in:
[info] https://github.com/login/oauth/authorize?client_id=89cf50f02ac6aaed3484&state=301919158&redirect_uri=http%3A%2F%2Flocalhost%3A9005&scope=read%3Auser%20repo%20public_repo
[info] 
[info] Waiting for authentication...
[debug] [2023-01-12T03:25:39.694Z] >>> [apiv2][query] POST https://github.com/login/oauth/access_token [none]
[debug] [2023-01-12T03:25:39.694Z] >>> [apiv2][body] POST https://github.com/login/oauth/access_token [stream]
[debug] [2023-01-12T03:25:40.232Z] <<< [apiv2][status] POST https://github.com/login/oauth/access_token 200
[debug] [2023-01-12T03:25:40.233Z] <<< [apiv2][body] POST https://github.com/login/oauth/access_token {"access_token":"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","token_type":"bearer","scope":"read:user,repo"}
[debug] [2023-01-12T03:25:40.243Z] >>> [apiv2][query] GET https://api.github.com/user [none]
[debug] [2023-01-12T03:25:40.501Z] <<< [apiv2][status] GET https://api.github.com/user 200
[debug] [2023-01-12T03:25:40.502Z] <<< [apiv2][body] GET https://api.github.com/user {"login":"leemartinc","id":20216856,"node_id":"MDQ6VXNlcjIwMjE2ODU2","avatar_url":"https://avatars.githubusercontent.com/u/20216856?v=4","gravatar_id":"","url":"https://api.github.com/users/leemartinc","html_url":"https://github.com/leemartinc","followers_url":"https://api.github.com/users/leemartinc/followers","following_url":"https://api.github.com/users/leemartinc/following{/other_user}","gists_url":"https://api.github.com/users/leemartinc/gists{/gist_id}","starred_url":"https://api.github.com/users/leemartinc/starred{/owner}{/repo}","subscriptions_url":"https://api.github.com/users/leemartinc/subscriptions","organizations_url":"https://api.github.com/users/leemartinc/orgs","repos_url":"https://api.github.com/users/leemartinc/repos","events_url":"https://api.github.com/users/leemartinc/events{/privacy}","received_events_url":"https://api.github.com/users/leemartinc/received_events","type":"User","site_admin":false,"name":"Lee-Martin Clarke","company":null,"blog":"leemartinclarke.com","location":"Atlanta, GA","email":"contact@leemartinclarke.com","hireable":true,"bio":"Full Stack && Web Apps && Automation","twitter_username":null,"public_repos":28,"public_gists":0,"followers":5,"following":5,"created_at":"2016-06-30T02:26:18Z","updated_at":"2023-01-12T03:25:39Z","private_gists":0,"total_private_repos":11,"owned_private_repos":11,"disk_usage":795437,"collaborators":0,"two_factor_authentication":false,"plan":{"name":"pro","space":976562499,"collaborators":0,"private_repos":9999}}
[info] 
[info] ✔  Success! Logged into GitHub as leemartinc 
[info] 
